Determining if the pthread_create exist failed with the following output:
Change Dir: /home/ptsingaman/Navigation_planner_melodic/src/hanp_humans_sim/move_humans/cmake-build-debug/CMakeFiles/CMakeTmp

Run Build Command(s):/usr/bin/make cmTC_991cb/fast 
/usr/bin/make -f CMakeFiles/cmTC_991cb.dir/build.make CMakeFiles/cmTC_991cb.dir/build
make[1]: Entering directory '/home/ptsingaman/Navigation_planner_melodic/src/hanp_humans_sim/move_humans/cmake-build-debug/CMakeFiles/CMakeTmp'
Building C object CMakeFiles/cmTC_991cb.dir/CheckSymbolExists.c.o
/usr/bin/cc    -o CMakeFiles/cmTC_991cb.dir/CheckSymbolExists.c.o   -c /home/ptsingaman/Navigation_planner_melodic/src/hanp_humans_sim/move_humans/cmake-build-debug/CMakeFiles/CMakeTmp/CheckSymbolExists.c
Linking C executable cmTC_991cb
/opt/clion-2019.2/bin/cmake/linux/bin/cmake -E cmake_link_script CMakeFiles/cmTC_991cb.dir/link.txt --verbose=1
/usr/bin/cc      -rdynamic CMakeFiles/cmTC_991cb.dir/CheckSymbolExists.c.o  -o cmTC_991cb 
CMakeFiles/cmTC_991cb.dir/CheckSymbolExists.c.o: In function `main':
CheckSymbolExists.c:(.text+0x1b): undefined reference to `pthread_create'
collect2: error: ld returned 1 exit status
CMakeFiles/cmTC_991cb.dir/build.make:86: recipe for target 'cmTC_991cb' failed
make[1]: *** [cmTC_991cb] Error 1
make[1]: Leaving directory '/home/ptsingaman/Navigation_planner_melodic/src/hanp_humans_sim/move_humans/cmake-build-debug/CMakeFiles/CMakeTmp'
Makefile:121: recipe for target 'cmTC_991cb/fast' failed
make: *** [cmTC_991cb/fast] Error 2

File /home/ptsingaman/Navigation_planner_melodic/src/hanp_humans_sim/move_humans/cmake-build-debug/CMakeFiles/CMakeTmp/CheckSymbolExists.c:
/* */
#include <pthread.h>

int main(int argc, char** argv)
{
  (void)argv;
#ifndef pthread_create
  return ((int*)(&pthread_create))[argc];
#else
  (void)argc;
  return 0;
#endif
}

Determining if the function pthread_create exists in the pthreads failed with the following output:
Change Dir: /home/ptsingaman/Navigation_planner_melodic/src/hanp_humans_sim/move_humans/cmake-build-debug/CMakeFiles/CMakeTmp

Run Build Command(s):/usr/bin/make cmTC_315d2/fast 
/usr/bin/make -f CMakeFiles/cmTC_315d2.dir/build.make CMakeFiles/cmTC_315d2.dir/build
make[1]: Entering directory '/home/ptsingaman/Navigation_planner_melodic/src/hanp_humans_sim/move_humans/cmake-build-debug/CMakeFiles/CMakeTmp'
Building C object CMakeFiles/cmTC_315d2.dir/CheckFunctionExists.c.o
/usr/bin/cc   -DCHECK_FUNCTION_EXISTS=pthread_create   -o CMakeFiles/cmTC_315d2.dir/CheckFunctionExists.c.o   -c /opt/clion-2019.2/bin/cmake/linux/share/cmake-3.14/Modules/CheckFunctionExists.c
Linking C executable cmTC_315d2
/opt/clion-2019.2/bin/cmake/linux/bin/cmake -E cmake_link_script CMakeFiles/cmTC_315d2.dir/link.txt --verbose=1
/usr/bin/cc  -DCHECK_FUNCTION_EXISTS=pthread_create    -rdynamic CMakeFiles/cmTC_315d2.dir/CheckFunctionExists.c.o  -o cmTC_315d2 -lpthreads 
/usr/bin/ld: cannot find -lpthreads
collect2: error: ld returned 1 exit status
CMakeFiles/cmTC_315d2.dir/build.make:86: recipe for target 'cmTC_315d2' failed
make[1]: *** [cmTC_315d2] Error 1
make[1]: Leaving directory '/home/ptsingaman/Navigation_planner_melodic/src/hanp_humans_sim/move_humans/cmake-build-debug/CMakeFiles/CMakeTmp'
Makefile:121: recipe for target 'cmTC_315d2/fast' failed
make: *** [cmTC_315d2/fast] Error 2


